This is pdfTeX, Version 3.14159265-2.6-1.40.18 (TeX Live 2017/Debian) (preloaded format=pdflatex 2017.11.7)  26 MAY 2018 18:33
entering extended mode
 restricted \write18 enabled.
 %&-line parsing enabled.
**main.tex
(./main.tex
LaTeX2e <2017-04-15>
Babel <3.12> and hyphenation patterns for 9 language(s) loaded.
(/usr/share/texlive/texmf-dist/tex/latex/base/article.cls
Document Class: article 2014/09/29 v1.4h Standard LaTeX document class
(/usr/share/texlive/texmf-dist/tex/latex/base/size10.clo
File: size10.clo 2014/09/29 v1.4h Standard LaTeX file (size option)
)
\c@part=\count79
\c@section=\count80
\c@subsection=\count81
\c@subsubsection=\count82
\c@paragraph=\count83
\c@subparagraph=\count84
\c@figure=\count85
\c@table=\count86
\abovecaptionskip=\skip41
\belowcaptionskip=\skip42
\bibindent=\dimen102
)
(/usr/share/texlive/texmf-dist/tex/latex/hyperref/hyperref.sty
Package: hyperref 2017/03/14 v6.85a Hypertext links for LaTeX

(/usr/share/texlive/texmf-dist/tex/generic/oberdiek/hobsub-hyperref.sty
Package: hobsub-hyperref 2016/05/16 v1.14 Bundle oberdiek, subset hyperref (HO)


(/usr/share/texlive/texmf-dist/tex/generic/oberdiek/hobsub-generic.sty
Package: hobsub-generic 2016/05/16 v1.14 Bundle oberdiek, subset generic (HO)
Package: hobsub 2016/05/16 v1.14 Construct package bundles (HO)
Package: infwarerr 2016/05/16 v1.4 Providing info/warning/error messages (HO)
Package: ltxcmds 2016/05/16 v1.23 LaTeX kernel commands for general use (HO)
Package: ifluatex 2016/05/16 v1.4 Provides the ifluatex switch (HO)
Package ifluatex Info: LuaTeX not detected.
Package: ifvtex 2016/05/16 v1.6 Detect VTeX and its facilities (HO)
Package ifvtex Info: VTeX not detected.
Package: intcalc 2016/05/16 v1.2 Expandable calculations with integers (HO)
Package: ifpdf 2017/03/15 v3.2 Provides the ifpdf switch
Package: etexcmds 2016/05/16 v1.6 Avoid name clashes with e-TeX commands (HO)
Package etexcmds Info: Could not find \expanded.
(etexcmds)             That can mean that you are not using pdfTeX 1.50 or
(etexcmds)             that some package has redefined \expanded.
(etexcmds)             In the latter case, load this package earlier.
Package: kvsetkeys 2016/05/16 v1.17 Key value parser (HO)
Package: kvdefinekeys 2016/05/16 v1.4 Define keys (HO)
Package: pdftexcmds 2017/03/19 v0.25 Utility functions of pdfTeX for LuaTeX (HO
)
Package pdftexcmds Info: LuaTeX not detected.
Package pdftexcmds Info: \pdf@primitive is available.
Package pdftexcmds Info: \pdf@ifprimitive is available.
Package pdftexcmds Info: \pdfdraftmode found.
Package: pdfescape 2016/05/16 v1.14 Implements pdfTeX's escape features (HO)
Package: bigintcalc 2016/05/16 v1.4 Expandable calculations on big integers (HO
)
Package: bitset 2016/05/16 v1.2 Handle bit-vector datatype (HO)
Package: uniquecounter 2016/05/16 v1.3 Provide unlimited unique counter (HO)
)
Package hobsub Info: Skipping package `hobsub' (already loaded).
Package: letltxmacro 2016/05/16 v1.5 Let assignment for LaTeX macros (HO)
Package: hopatch 2016/05/16 v1.3 Wrapper for package hooks (HO)
Package: xcolor-patch 2016/05/16 xcolor patch
Package: atveryend 2016/05/16 v1.9 Hooks at the very end of document (HO)
Package atveryend Info: \enddocument detected (standard20110627).
Package: atbegshi 2016/06/09 v1.18 At begin shipout hook (HO)
Package: refcount 2016/05/16 v3.5 Data extraction from label references (HO)
Package: hycolor 2016/05/16 v1.8 Color options for hyperref/bookmark (HO)
)
(/usr/share/texlive/texmf-dist/tex/latex/graphics/keyval.sty
Package: keyval 2014/10/28 v1.15 key=value parser (DPC)
\KV@toks@=\toks14
)
(/usr/share/texlive/texmf-dist/tex/generic/ifxetex/ifxetex.sty
Package: ifxetex 2010/09/12 v0.6 Provides ifxetex conditional
)
(/usr/share/texlive/texmf-dist/tex/latex/oberdiek/auxhook.sty
Package: auxhook 2016/05/16 v1.4 Hooks for auxiliary files (HO)
)
(/usr/share/texlive/texmf-dist/tex/latex/oberdiek/kvoptions.sty
Package: kvoptions 2016/05/16 v3.12 Key value format for package options (HO)
)
\@linkdim=\dimen103
\Hy@linkcounter=\count87
\Hy@pagecounter=\count88

(/usr/share/texlive/texmf-dist/tex/latex/hyperref/pd1enc.def
File: pd1enc.def 2017/03/14 v6.85a Hyperref: PDFDocEncoding definition (HO)
)
\Hy@SavedSpaceFactor=\count89

(/usr/share/texlive/texmf-dist/tex/latex/latexconfig/hyperref.cfg
File: hyperref.cfg 2002/06/06 v1.2 hyperref configuration of TeXLive
)
Package hyperref Info: Hyper figures OFF on input line 4498.
Package hyperref Info: Link nesting OFF on input line 4503.
Package hyperref Info: Hyper index ON on input line 4506.
Package hyperref Info: Plain pages OFF on input line 4513.
Package hyperref Info: Backreferencing OFF on input line 4518.
Package hyperref Info: Implicit mode ON; LaTeX internals redefined.
Package hyperref Info: Bookmarks ON on input line 4751.
\c@Hy@tempcnt=\count90

(/usr/share/texlive/texmf-dist/tex/latex/url/url.sty
\Urlmuskip=\muskip10
Package: url 2013/09/16  ver 3.4  Verb mode for urls, etc.
)
LaTeX Info: Redefining \url on input line 5104.
\XeTeXLinkMargin=\dimen104
\Fld@menulength=\count91
\Field@Width=\dimen105
\Fld@charsize=\dimen106
Package hyperref Info: Hyper figures OFF on input line 6358.
Package hyperref Info: Link nesting OFF on input line 6363.
Package hyperref Info: Hyper index ON on input line 6366.
Package hyperref Info: backreferencing OFF on input line 6373.
Package hyperref Info: Link coloring OFF on input line 6378.
Package hyperref Info: Link coloring with OCG OFF on input line 6383.
Package hyperref Info: PDF/A mode OFF on input line 6388.
LaTeX Info: Redefining \ref on input line 6428.
LaTeX Info: Redefining \pageref on input line 6432.
\Hy@abspage=\count92
\c@Item=\count93
\c@Hfootnote=\count94
)

Package hyperref Message: Driver (autodetected): hpdftex.

(/usr/share/texlive/texmf-dist/tex/latex/hyperref/hpdftex.def
File: hpdftex.def 2017/03/14 v6.85a Hyperref driver for pdfTeX
\Fld@listcount=\count95
\c@bookmark@seq@number=\count96

(/usr/share/texlive/texmf-dist/tex/latex/oberdiek/rerunfilecheck.sty
Package: rerunfilecheck 2016/05/16 v1.8 Rerun checks for auxiliary files (HO)
Package uniquecounter Info: New unique counter `rerunfilecheck' on input line 2
82.
)
\Hy@SectionHShift=\skip43
)
Package hyperref Info: Option `colorlinks' set `true' on input line 12.


Package hyperref Warning: Option `bookmarks' has already been used,
(hyperref)                setting the option has no effect on input line 12.

(/usr/share/texlive/texmf-dist/tex/latex/subfig/subfig.sty
Package: subfig 2005/06/28 ver: 1.3 subfig package

(/usr/share/texlive/texmf-dist/tex/latex/caption/caption.sty
Package: caption 2016/02/21 v3.3-144 Customizing captions (AR)

(/usr/share/texlive/texmf-dist/tex/latex/caption/caption3.sty
Package: caption3 2016/05/22 v1.7-166 caption3 kernel (AR)
Package caption3 Info: TeX engine: e-TeX on input line 67.
\captionmargin=\dimen107
\captionmargin@=\dimen108
\captionwidth=\dimen109
\caption@tempdima=\dimen110
\caption@indent=\dimen111
\caption@parindent=\dimen112
\caption@hangindent=\dimen113
)
\c@ContinuedFloat=\count97
Package caption Info: hyperref package is loaded.
)
\c@KVtest=\count98
\sf@farskip=\skip44
\sf@captopadj=\dimen114
\sf@capskip=\skip45
\sf@nearskip=\skip46
\c@subfigure=\count99
\c@subfigure@save=\count100
\c@lofdepth=\count101
\c@subtable=\count102
\c@subtable@save=\count103
\c@lotdepth=\count104
\sf@top=\skip47
\sf@bottom=\skip48
)
(/usr/share/texlive/texmf-dist/tex/latex/listings/listings.sty
\lst@mode=\count105
\lst@gtempboxa=\box26
\lst@token=\toks15
\lst@length=\count106
\lst@currlwidth=\dimen115
\lst@column=\count107
\lst@pos=\count108
\lst@lostspace=\dimen116
\lst@width=\dimen117
\lst@newlines=\count109
\lst@lineno=\count110
\lst@maxwidth=\dimen118

(/usr/share/texlive/texmf-dist/tex/latex/listings/lstmisc.sty
File: lstmisc.sty 2015/06/04 1.6 (Carsten Heinz)
\c@lstnumber=\count111
\lst@skipnumbers=\count112
\lst@framebox=\box27
)
(/usr/share/texlive/texmf-dist/tex/latex/listings/listings.cfg
File: listings.cfg 2015/06/04 1.6 listings configuration
))
Package: listings 2015/06/04 1.6 (Carsten Heinz)


Package subfig Warning: The subfigure type is already defined. on input line 16
.

(/usr/share/texlive/texmf-dist/tex/generic/dirtree/dirtree.sty
Package: dirtree 2012/12/11 v0.32 package wrapper for dirtree

(/usr/share/texlive/texmf-dist/tex/generic/dirtree/dirtree.tex
`dirtree' v0.32, 2012/12/11 (jcc)
\DT@offset=\dimen119
\DT@width=\dimen120
\DT@sep=\dimen121
\DT@all=\dimen122
\DT@rulewidth=\dimen123
\DT@dotwidth=\dimen124
\DTbaselineskip=\dimen125
\DT@counti=\count113
\DT@countii=\count114
\DT@countiii=\count115
\DT@countiv=\count116
\DT@indent=\dimen126
\DT@parskip=\dimen127
\DT@baselineskip=\dimen128
)
File: dirtree.tex 2012/12/11 v0.32 `dirtree' (jcc)
)
(/usr/share/texlive/texmf-dist/tex/latex/graphics/graphicx.sty
Package: graphicx 2017/06/01 v1.1a Enhanced LaTeX Graphics (DPC,SPQR)

(/usr/share/texlive/texmf-dist/tex/latex/graphics/graphics.sty
Package: graphics 2017/06/25 v1.2c Standard LaTeX Graphics (DPC,SPQR)

(/usr/share/texlive/texmf-dist/tex/latex/graphics/trig.sty
Package: trig 2016/01/03 v1.10 sin cos tan (DPC)
)
(/usr/share/texlive/texmf-dist/tex/latex/graphics-cfg/graphics.cfg
File: graphics.cfg 2016/06/04 v1.11 sample graphics configuration
)
Package graphics Info: Driver file: pdftex.def on input line 99.

(/usr/share/texlive/texmf-dist/tex/latex/graphics-def/pdftex.def
File: pdftex.def 2017/06/24 v1.0g Graphics/color driver for pdftex
))
\Gin@req@height=\dimen129
\Gin@req@width=\dimen130
)
(/usr/share/texlive/texmf-dist/tex/latex/geometry/geometry.sty
Package: geometry 2010/09/12 v5.6 Page Geometry
\Gm@cnth=\count117
\Gm@cntv=\count118
\c@Gm@tempcnt=\count119
\Gm@bindingoffset=\dimen131
\Gm@wd@mp=\dimen132
\Gm@odd@mp=\dimen133
\Gm@even@mp=\dimen134
\Gm@layoutwidth=\dimen135
\Gm@layoutheight=\dimen136
\Gm@layouthoffset=\dimen137
\Gm@layoutvoffset=\dimen138
\Gm@dimlist=\toks16
)
(/usr/share/texlive/texmf-dist/tex/generic/babel/babel.sty
Package: babel 2017/06/29 3.12 The Babel package

(/usr/share/texlive/texmf-dist/tex/generic/babel/switch.def
File: switch.def 2017/06/29 3.12 Babel switching mechanism
)
(/usr/share/texlive/texmf-dist/tex/generic/babel-english/english.ldf
Language: english 2017/06/06 v3.3r English support from the babel system

(/usr/share/texlive/texmf-dist/tex/generic/babel/babel.def
File: babel.def 2017/06/29 3.12 Babel common definitions

(/usr/share/texlive/texmf-dist/tex/generic/babel/switch.def
File: switch.def 2017/06/29 3.12 Babel switching mechanism
)
\babel@savecnt=\count120
\U@D=\dimen139
)
\l@canadian = a dialect from \language\l@american 
\l@australian = a dialect from \language\l@british 
\l@newzealand = a dialect from \language\l@british 
))
(/usr/share/texlive/texmf-dist/tex/latex/base/fontenc.sty
Package: fontenc 2017/04/05 v2.0i Standard LaTeX package

(/usr/share/texlive/texmf-dist/tex/latex/base/t1enc.def
File: t1enc.def 2017/04/05 v2.0i Standard LaTeX file
LaTeX Font Info:    Redeclaring font encoding T1 on input line 48.
))
(/usr/share/texlive/texmf-dist/tex/latex/ae/ae.sty
Package: ae 2001/02/12 1.3 Almost European Computer Modern

(/usr/share/texlive/texmf-dist/tex/latex/base/fontenc.sty
Package: fontenc 2017/04/05 v2.0i Standard LaTeX package

(/usr/share/texlive/texmf-dist/tex/latex/base/t1enc.def
File: t1enc.def 2017/04/05 v2.0i Standard LaTeX file
LaTeX Font Info:    Redeclaring font encoding T1 on input line 48.
)
LaTeX Font Info:    Try loading font information for T1+aer on input line 105.

(/usr/share/texlive/texmf-dist/tex/latex/ae/t1aer.fd
File: t1aer.fd 1997/11/16 Font definitions for T1/aer.
)))
(/usr/share/texlive/texmf-dist/tex/latex/colortbl/colortbl.sty
Package: colortbl 2012/02/13 v1.0a Color table columns (DPC)

(/usr/share/texlive/texmf-dist/tex/latex/tools/array.sty
Package: array 2016/10/06 v2.4d Tabular extension package (FMi)
\col@sep=\dimen140
\extrarowheight=\dimen141
\NC@list=\toks17
\extratabsurround=\skip49
\backup@length=\skip50
)
(/usr/share/texlive/texmf-dist/tex/latex/graphics/color.sty
Package: color 2016/07/10 v1.1e Standard LaTeX Color (DPC)

(/usr/share/texlive/texmf-dist/tex/latex/graphics-cfg/color.cfg
File: color.cfg 2016/01/02 v1.6 sample color configuration
)
Package color Info: Driver file: pdftex.def on input line 147.
)
\everycr=\toks18
\minrowclearance=\skip51
)
(/usr/share/texlive/texmf-dist/tex/latex/base/inputenc.sty
Package: inputenc 2015/03/17 v1.2c Input encoding file
\inpenc@prehook=\toks19
\inpenc@posthook=\toks20

(/usr/share/texlive/texmf-dist/tex/latex/base/utf8.def
File: utf8.def 2017/01/28 v1.1t UTF-8 support for inputenc
Now handling font encoding OML ...
... no UTF-8 mapping file for font encoding OML
Now handling font encoding T1 ...
... processing UTF-8 mapping file for font encoding T1

(/usr/share/texlive/texmf-dist/tex/latex/base/t1enc.dfu
File: t1enc.dfu 2017/01/28 v1.1t UTF-8 support for inputenc
   defining Unicode char U+00A0 (decimal 160)
   defining Unicode char U+00A1 (decimal 161)
   defining Unicode char U+00A3 (decimal 163)
   defining Unicode char U+00AB (decimal 171)
   defining Unicode char U+00AD (decimal 173)
   defining Unicode char U+00BB (decimal 187)
   defining Unicode char U+00BF (decimal 191)
   defining Unicode char U+00C0 (decimal 192)
   defining Unicode char U+00C1 (decimal 193)
   defining Unicode char U+00C2 (decimal 194)
   defining Unicode char U+00C3 (decimal 195)
   defining Unicode char U+00C4 (decimal 196)
   defining Unicode char U+00C5 (decimal 197)
   defining Unicode char U+00C6 (decimal 198)
   defining Unicode char U+00C7 (decimal 199)
   defining Unicode char U+00C8 (decimal 200)
   defining Unicode char U+00C9 (decimal 201)
   defining Unicode char U+00CA (decimal 202)
   defining Unicode char U+00CB (decimal 203)
   defining Unicode char U+00CC (decimal 204)
   defining Unicode char U+00CD (decimal 205)
   defining Unicode char U+00CE (decimal 206)
   defining Unicode char U+00CF (decimal 207)
   defining Unicode char U+00D0 (decimal 208)
   defining Unicode char U+00D1 (decimal 209)
   defining Unicode char U+00D2 (decimal 210)
   defining Unicode char U+00D3 (decimal 211)
   defining Unicode char U+00D4 (decimal 212)
   defining Unicode char U+00D5 (decimal 213)
   defining Unicode char U+00D6 (decimal 214)
   defining Unicode char U+00D8 (decimal 216)
   defining Unicode char U+00D9 (decimal 217)
   defining Unicode char U+00DA (decimal 218)
   defining Unicode char U+00DB (decimal 219)
   defining Unicode char U+00DC (decimal 220)
   defining Unicode char U+00DD (decimal 221)
   defining Unicode char U+00DE (decimal 222)
   defining Unicode char U+00DF (decimal 223)
   defining Unicode char U+00E0 (decimal 224)
   defining Unicode char U+00E1 (decimal 225)
   defining Unicode char U+00E2 (decimal 226)
   defining Unicode char U+00E3 (decimal 227)
   defining Unicode char U+00E4 (decimal 228)
   defining Unicode char U+00E5 (decimal 229)
   defining Unicode char U+00E6 (decimal 230)
   defining Unicode char U+00E7 (decimal 231)
   defining Unicode char U+00E8 (decimal 232)
   defining Unicode char U+00E9 (decimal 233)
   defining Unicode char U+00EA (decimal 234)
   defining Unicode char U+00EB (decimal 235)
   defining Unicode char U+00EC (decimal 236)
   defining Unicode char U+00ED (decimal 237)
   defining Unicode char U+00EE (decimal 238)
   defining Unicode char U+00EF (decimal 239)
   defining Unicode char U+00F0 (decimal 240)
   defining Unicode char U+00F1 (decimal 241)
   defining Unicode char U+00F2 (decimal 242)
   defining Unicode char U+00F3 (decimal 243)
   defining Unicode char U+00F4 (decimal 244)
   defining Unicode char U+00F5 (decimal 245)
   defining Unicode char U+00F6 (decimal 246)
   defining Unicode char U+00F8 (decimal 248)
   defining Unicode char U+00F9 (decimal 249)
   defining Unicode char U+00FA (decimal 250)
   defining Unicode char U+00FB (decimal 251)
   defining Unicode char U+00FC (decimal 252)
   defining Unicode char U+00FD (decimal 253)
   defining Unicode char U+00FE (decimal 254)
   defining Unicode char U+00FF (decimal 255)
   defining Unicode char U+0100 (decimal 256)
   defining Unicode char U+0101 (decimal 257)
   defining Unicode char U+0102 (decimal 258)
   defining Unicode char U+0103 (decimal 259)
   defining Unicode char U+0104 (decimal 260)
   defining Unicode char U+0105 (decimal 261)
   defining Unicode char U+0106 (decimal 262)
   defining Unicode char U+0107 (decimal 263)
   defining Unicode char U+0108 (decimal 264)
   defining Unicode char U+0109 (decimal 265)
   defining Unicode char U+010A (decimal 266)
   defining Unicode char U+010B (decimal 267)
   defining Unicode char U+010C (decimal 268)
   defining Unicode char U+010D (decimal 269)
   defining Unicode char U+010E (decimal 270)
   defining Unicode char U+010F (decimal 271)
   defining Unicode char U+0110 (decimal 272)
   defining Unicode char U+0111 (decimal 273)
   defining Unicode char U+0112 (decimal 274)
   defining Unicode char U+0113 (decimal 275)
   defining Unicode char U+0114 (decimal 276)
   defining Unicode char U+0115 (decimal 277)
   defining Unicode char U+0116 (decimal 278)
   defining Unicode char U+0117 (decimal 279)
   defining Unicode char U+0118 (decimal 280)
   defining Unicode char U+0119 (decimal 281)
   defining Unicode char U+011A (decimal 282)
   defining Unicode char U+011B (decimal 283)
   defining Unicode char U+011C (decimal 284)
   defining Unicode char U+011D (decimal 285)
   defining Unicode char U+011E (decimal 286)
   defining Unicode char U+011F (decimal 287)
   defining Unicode char U+0120 (decimal 288)
   defining Unicode char U+0121 (decimal 289)
   defining Unicode char U+0122 (decimal 290)
   defining Unicode char U+0123 (decimal 291)
   defining Unicode char U+0124 (decimal 292)
   defining Unicode char U+0125 (decimal 293)
   defining Unicode char U+0128 (decimal 296)
   defining Unicode char U+0129 (decimal 297)
   defining Unicode char U+012A (decimal 298)
   defining Unicode char U+012B (decimal 299)
   defining Unicode char U+012C (decimal 300)
   defining Unicode char U+012D (decimal 301)
   defining Unicode char U+012E (decimal 302)
   defining Unicode char U+012F (decimal 303)
   defining Unicode char U+0130 (decimal 304)
   defining Unicode char U+0131 (decimal 305)
   defining Unicode char U+0132 (decimal 306)
   defining Unicode char U+0133 (decimal 307)
   defining Unicode char U+0134 (decimal 308)
   defining Unicode char U+0135 (decimal 309)
   defining Unicode char U+0136 (decimal 310)
   defining Unicode char U+0137 (decimal 311)
   defining Unicode char U+0139 (decimal 313)
   defining Unicode char U+013A (decimal 314)
   defining Unicode char U+013B (decimal 315)
   defining Unicode char U+013C (decimal 316)
   defining Unicode char U+013D (decimal 317)
   defining Unicode char U+013E (decimal 318)
   defining Unicode char U+0141 (decimal 321)
   defining Unicode char U+0142 (decimal 322)
   defining Unicode char U+0143 (decimal 323)
   defining Unicode char U+0144 (decimal 324)
   defining Unicode char U+0145 (decimal 325)
   defining Unicode char U+0146 (decimal 326)
   defining Unicode char U+0147 (decimal 327)
   defining Unicode char U+0148 (decimal 328)
   defining Unicode char U+014A (decimal 330)
   defining Unicode char U+014B (decimal 331)
   defining Unicode char U+014C (decimal 332)
   defining Unicode char U+014D (decimal 333)
   defining Unicode char U+014E (decimal 334)
   defining Unicode char U+014F (decimal 335)
   defining Unicode char U+0150 (decimal 336)
   defining Unicode char U+0151 (decimal 337)
   defining Unicode char U+0152 (decimal 338)
   defining Unicode char U+0153 (decimal 339)
   defining Unicode char U+0154 (decimal 340)
   defining Unicode char U+0155 (decimal 341)
   defining Unicode char U+0156 (decimal 342)
   defining Unicode char U+0157 (decimal 343)
   defining Unicode char U+0158 (decimal 344)
   defining Unicode char U+0159 (decimal 345)
   defining Unicode char U+015A (decimal 346)
   defining Unicode char U+015B (decimal 347)
   defining Unicode char U+015C (decimal 348)
   defining Unicode char U+015D (decimal 349)
   defining Unicode char U+015E (decimal 350)
   defining Unicode char U+015F (decimal 351)
   defining Unicode char U+0160 (decimal 352)
   defining Unicode char U+0161 (decimal 353)
   defining Unicode char U+0162 (decimal 354)
   defining Unicode char U+0163 (decimal 355)
   defining Unicode char U+0164 (decimal 356)
   defining Unicode char U+0165 (decimal 357)
   defining Unicode char U+0168 (decimal 360)
   defining Unicode char U+0169 (decimal 361)
   defining Unicode char U+016A (decimal 362)
   defining Unicode char U+016B (decimal 363)
   defining Unicode char U+016C (decimal 364)
   defining Unicode char U+016D (decimal 365)
   defining Unicode char U+016E (decimal 366)
   defining Unicode char U+016F (decimal 367)
   defining Unicode char U+0170 (decimal 368)
   defining Unicode char U+0171 (decimal 369)
   defining Unicode char U+0172 (decimal 370)
   defining Unicode char U+0173 (decimal 371)
   defining Unicode char U+0174 (decimal 372)
   defining Unicode char U+0175 (decimal 373)
   defining Unicode char U+0176 (decimal 374)
   defining Unicode char U+0177 (decimal 375)
   defining Unicode char U+0178 (decimal 376)
   defining Unicode char U+0179 (decimal 377)
   defining Unicode char U+017A (decimal 378)
   defining Unicode char U+017B (decimal 379)
   defining Unicode char U+017C (decimal 380)
   defining Unicode char U+017D (decimal 381)
   defining Unicode char U+017E (decimal 382)
   defining Unicode char U+01CD (decimal 461)
   defining Unicode char U+01CE (decimal 462)
   defining Unicode char U+01CF (decimal 463)
   defining Unicode char U+01D0 (decimal 464)
   defining Unicode char U+01D1 (decimal 465)
   defining Unicode char U+01D2 (decimal 466)
   defining Unicode char U+01D3 (decimal 467)
   defining Unicode char U+01D4 (decimal 468)
   defining Unicode char U+01E2 (decimal 482)
   defining Unicode char U+01E3 (decimal 483)
   defining Unicode char U+01E6 (decimal 486)
   defining Unicode char U+01E7 (decimal 487)
   defining Unicode char U+01E8 (decimal 488)
   defining Unicode char U+01E9 (decimal 489)
   defining Unicode char U+01EA (decimal 490)
   defining Unicode char U+01EB (decimal 491)
   defining Unicode char U+01F0 (decimal 496)
   defining Unicode char U+01F4 (decimal 500)
   defining Unicode char U+01F5 (decimal 501)
   defining Unicode char U+0218 (decimal 536)
   defining Unicode char U+0219 (decimal 537)
   defining Unicode char U+021A (decimal 538)
   defining Unicode char U+021B (decimal 539)
   defining Unicode char U+0232 (decimal 562)
   defining Unicode char U+0233 (decimal 563)
   defining Unicode char U+1E02 (decimal 7682)
   defining Unicode char U+1E03 (decimal 7683)
   defining Unicode char U+200C (decimal 8204)
   defining Unicode char U+2010 (decimal 8208)
   defining Unicode char U+2011 (decimal 8209)
   defining Unicode char U+2012 (decimal 8210)
   defining Unicode char U+2013 (decimal 8211)
   defining Unicode char U+2014 (decimal 8212)
   defining Unicode char U+2015 (decimal 8213)
   defining Unicode char U+2018 (decimal 8216)
   defining Unicode char U+2019 (decimal 8217)
   defining Unicode char U+201A (decimal 8218)
   defining Unicode char U+201C (decimal 8220)
   defining Unicode char U+201D (decimal 8221)
   defining Unicode char U+201E (decimal 8222)
   defining Unicode char U+2030 (decimal 8240)
   defining Unicode char U+2031 (decimal 8241)
   defining Unicode char U+2039 (decimal 8249)
   defining Unicode char U+203A (decimal 8250)
   defining Unicode char U+2423 (decimal 9251)
   defining Unicode char U+1E20 (decimal 7712)
   defining Unicode char U+1E21 (decimal 7713)
)
Now handling font encoding OT1 ...
... processing UTF-8 mapping file for font encoding OT1

(/usr/share/texlive/texmf-dist/tex/latex/base/ot1enc.dfu
File: ot1enc.dfu 2017/01/28 v1.1t UTF-8 support for inputenc
   defining Unicode char U+00A0 (decimal 160)
   defining Unicode char U+00A1 (decimal 161)
   defining Unicode char U+00A3 (decimal 163)
   defining Unicode char U+00AD (decimal 173)
   defining Unicode char U+00B8 (decimal 184)
   defining Unicode char U+00BF (decimal 191)
   defining Unicode char U+00C5 (decimal 197)
   defining Unicode char U+00C6 (decimal 198)
   defining Unicode char U+00D8 (decimal 216)
   defining Unicode char U+00DF (decimal 223)
   defining Unicode char U+00E6 (decimal 230)
   defining Unicode char U+00EC (decimal 236)
   defining Unicode char U+00ED (decimal 237)
   defining Unicode char U+00EE (decimal 238)
   defining Unicode char U+00EF (decimal 239)
   defining Unicode char U+00F8 (decimal 248)
   defining Unicode char U+0131 (decimal 305)
   defining Unicode char U+0141 (decimal 321)
   defining Unicode char U+0142 (decimal 322)
   defining Unicode char U+0152 (decimal 338)
   defining Unicode char U+0153 (decimal 339)
   defining Unicode char U+0174 (decimal 372)
   defining Unicode char U+0175 (decimal 373)
   defining Unicode char U+0176 (decimal 374)
   defining Unicode char U+0177 (decimal 375)
   defining Unicode char U+0218 (decimal 536)
   defining Unicode char U+0219 (decimal 537)
   defining Unicode char U+021A (decimal 538)
   defining Unicode char U+021B (decimal 539)
   defining Unicode char U+2013 (decimal 8211)
   defining Unicode char U+2014 (decimal 8212)
   defining Unicode char U+2018 (decimal 8216)
   defining Unicode char U+2019 (decimal 8217)
   defining Unicode char U+201C (decimal 8220)
   defining Unicode char U+201D (decimal 8221)
)
Now handling font encoding OMS ...
... processing UTF-8 mapping file for font encoding OMS

(/usr/share/texlive/texmf-dist/tex/latex/base/omsenc.dfu
File: omsenc.dfu 2017/01/28 v1.1t UTF-8 support for inputenc
   defining Unicode char U+00A7 (decimal 167)
   defining Unicode char U+00B6 (decimal 182)
   defining Unicode char U+00B7 (decimal 183)
   defining Unicode char U+2020 (decimal 8224)
   defining Unicode char U+2021 (decimal 8225)
   defining Unicode char U+2022 (decimal 8226)
)
Now handling font encoding OMX ...
... no UTF-8 mapping file for font encoding OMX
Now handling font encoding U ...
... no UTF-8 mapping file for font encoding U
Now handling font encoding PD1 ...
... no UTF-8 mapping file for font encoding PD1
   defining Unicode char U+00A9 (decimal 169)
   defining Unicode char U+00AA (decimal 170)
   defining Unicode char U+00AE (decimal 174)
   defining Unicode char U+00BA (decimal 186)
   defining Unicode char U+02C6 (decimal 710)
   defining Unicode char U+02DC (decimal 732)
   defining Unicode char U+200C (decimal 8204)
   defining Unicode char U+2026 (decimal 8230)
   defining Unicode char U+2122 (decimal 8482)
   defining Unicode char U+2423 (decimal 9251)
))
(/usr/share/texlive/texmf-dist/tex/latex/xcolor/xcolor.sty
Package: xcolor 2016/05/11 v2.12 LaTeX color extensions (UK)

(/usr/share/texlive/texmf-dist/tex/latex/graphics-cfg/color.cfg
File: color.cfg 2016/01/02 v1.6 sample color configuration
)
Package xcolor Info: Driver file: pdftex.def on input line 225.
LaTeX Info: Redefining \color on input line 709.
Package xcolor Info: Model `cmy' substituted by `cmy0' on input line 1348.
Package xcolor Info: Model `hsb' substituted by `rgb' on input line 1352.
Package xcolor Info: Model `RGB' extended on input line 1364.
Package xcolor Info: Model `HTML' substituted by `rgb' on input line 1366.
Package xcolor Info: Model `Hsb' substituted by `hsb' on input line 1367.
Package xcolor Info: Model `tHsb' substituted by `hsb' on input line 1368.
Package xcolor Info: Model `HSB' substituted by `hsb' on input line 1369.
Package xcolor Info: Model `Gray' substituted by `gray' on input line 1370.
Package xcolor Info: Model `wave' substituted by `hsb' on input line 1371.

(/usr/share/texlive/texmf-dist/tex/latex/graphics/dvipsnam.def
File: dvipsnam.def 2016/06/17 v3.0m Driver-dependent file (DPC,SPQR)
))
(/usr/share/texlive/texmf-dist/tex/latex/was/gensymb.sty
Package: gensymb 2003/07/02 v1.0 (WaS)
)
(/usr/share/texlive/texmf-dist/tex/latex/amsmath/amsmath.sty
Package: amsmath 2016/11/05 v2.16a AMS math features
\@mathmargin=\skip52

For additional information on amsmath, use the `?' option.
(/usr/share/texlive/texmf-dist/tex/latex/amsmath/amstext.sty
Package: amstext 2000/06/29 v2.01 AMS text

(/usr/share/texlive/texmf-dist/tex/latex/amsmath/amsgen.sty
File: amsgen.sty 1999/11/30 v2.0 generic functions
\@emptytoks=\toks21
\ex@=\dimen142
))
(/usr/share/texlive/texmf-dist/tex/latex/amsmath/amsbsy.sty
Package: amsbsy 1999/11/29 v1.2d Bold Symbols
\pmbraise@=\dimen143
)
(/usr/share/texlive/texmf-dist/tex/latex/amsmath/amsopn.sty
Package: amsopn 2016/03/08 v2.02 operator names
)
\inf@bad=\count121
LaTeX Info: Redefining \frac on input line 213.
\uproot@=\count122
\leftroot@=\count123
LaTeX Info: Redefining \overline on input line 375.
\classnum@=\count124
\DOTSCASE@=\count125
LaTeX Info: Redefining \ldots on input line 472.
LaTeX Info: Redefining \dots on input line 475.
LaTeX Info: Redefining \cdots on input line 596.
\Mathstrutbox@=\box28
\strutbox@=\box29
\big@size=\dimen144
LaTeX Font Info:    Redeclaring font encoding OML on input line 712.
LaTeX Font Info:    Redeclaring font encoding OMS on input line 713.
\macc@depth=\count126
\c@MaxMatrixCols=\count127
\dotsspace@=\muskip11
\c@parentequation=\count128
\dspbrk@lvl=\count129
\tag@help=\toks22
\row@=\count130
\column@=\count131
\maxfields@=\count132
\andhelp@=\toks23
\eqnshift@=\dimen145
\alignsep@=\dimen146
\tagshift@=\dimen147
\tagwidth@=\dimen148
\totwidth@=\dimen149
\lineht@=\dimen150
\@envbody=\toks24
\multlinegap=\skip53
\multlinetaggap=\skip54
\mathdisplay@stack=\toks25
LaTeX Info: Redefining \[ on input line 2817.
LaTeX Info: Redefining \] on input line 2818.
)
(/usr/share/texlive/texmf-dist/tex/latex/amsfonts/amssymb.sty
Package: amssymb 2013/01/14 v3.01 AMS font symbols

(/usr/share/texlive/texmf-dist/tex/latex/amsfonts/amsfonts.sty
Package: amsfonts 2013/01/14 v3.01 Basic AMSFonts support
\symAMSa=\mathgroup4
\symAMSb=\mathgroup5
LaTeX Font Info:    Overwriting math alphabet `\mathfrak' in version `bold'
(Font)                  U/euf/m/n --> U/euf/b/n on input line 106.
))
(/usr/share/texlive/texmf-dist/tex/latex/amscls/amsthm.sty
Package: amsthm 2015/03/04 v2.20.2
\thm@style=\toks26
\thm@bodyfont=\toks27
\thm@headfont=\toks28
\thm@notefont=\toks29
\thm@headpunct=\toks30
\thm@preskip=\skip55
\thm@postskip=\skip56
\thm@headsep=\skip57
\dth@everypar=\toks31
)
(/usr/share/texlive/texmf-dist/tex/latex/amsfonts/eucal.sty
Package: eucal 2009/06/22 v3.00 Euler Script fonts
LaTeX Font Info:    Overwriting math alphabet `\EuScript' in version `bold'
(Font)                  U/eus/m/n --> U/eus/b/n on input line 33.
)
(/usr/share/texlive/texmf-dist/tex/latex/algorithms/algorithm.sty
Package: algorithm 2009/08/24 v0.1 Document Style `algorithm' - floating enviro
nment

(/usr/share/texlive/texmf-dist/tex/latex/float/float.sty
Package: float 2001/11/08 v1.3d Float enhancements (AL)
\c@float@type=\count133
\float@exts=\toks32
\float@box=\box30
\@float@everytoks=\toks33
\@floatcapt=\box31
)
(/usr/share/texlive/texmf-dist/tex/latex/base/ifthen.sty
Package: ifthen 2014/09/29 v1.1c Standard LaTeX ifthen package (DPC)
)
\@float@every@algorithm=\toks34
\c@algorithm=\count134
)
(/usr/share/texlive/texmf-dist/tex/latex/algorithms/algorithmic.sty
Package: algorithmic 2009/08/24 v0.1 Document Style `algorithmic'
\c@ALC@unique=\count135
\c@ALC@line=\count136
\c@ALC@rem=\count137
\c@ALC@depth=\count138
\ALC@tlm=\skip58
\algorithmicindent=\skip59
)
(/usr/share/texlive/texmf-dist/tex/latex/tools/longtable.sty
Package: longtable 2014/10/28 v4.11 Multi-page Table package (DPC)
\LTleft=\skip60
\LTright=\skip61
\LTpre=\skip62
\LTpost=\skip63
\LTchunksize=\count139
\LTcapwidth=\dimen151
\LT@head=\box32
\LT@firsthead=\box33
\LT@foot=\box34
\LT@lastfoot=\box35
\LT@cols=\count140
\LT@rows=\count141
\c@LT@tables=\count142
\c@LT@chunks=\count143
\LT@p@ftn=\toks35
)
(/usr/share/texlive/texmf-dist/tex/latex/fancyhdr/fancyhdr.sty
Package: fancyhdr 2017/06/30 v3.9a Extensive control of page headers and footer
s
\f@nch@headwidth=\skip64
\f@nch@O@elh=\skip65
\f@nch@O@erh=\skip66
\f@nch@O@olh=\skip67
\f@nch@O@orh=\skip68
\f@nch@O@elf=\skip69
\f@nch@O@erf=\skip70
\f@nch@O@olf=\skip71
\f@nch@O@orf=\skip72
)
(/usr/share/texlive/texmf-dist/tex/latex/fancybox/fancybox.sty
Package: fancybox 2010/05/15 1.4

Style option: `fancybox' v1.4 <2010/05/15> (tvz)
\@fancybox=\box36
\shadowsize=\dimen152
\@Sbox=\box37
\do@VerbBox=\toks36
\the@fancyput=\toks37
\this@fancyput=\toks38
\EndVerbatimTokens=\toks39
\Verbatim@Outfile=\write3
\Verbatim@Infile=\read1
) (./main.aux

LaTeX Warning: Label `fig:adminPanel' multiply defined.

)
\openout1 = `main.aux'.

LaTeX Font Info:    Checking defaults for OML/cmm/m/it on input line 94.
LaTeX Font Info:    ... okay on input line 94.
LaTeX Font Info:    Checking defaults for T1/cmr/m/n on input line 94.
LaTeX Font Info:    ... okay on input line 94.
LaTeX Font Info:    Checking defaults for OT1/cmr/m/n on input line 94.
LaTeX Font Info:    ... okay on input line 94.
LaTeX Font Info:    Checking defaults for OMS/cmsy/m/n on input line 94.
LaTeX Font Info:    ... okay on input line 94.
LaTeX Font Info:    Checking defaults for OMX/cmex/m/n on input line 94.
LaTeX Font Info:    ... okay on input line 94.
LaTeX Font Info:    Checking defaults for U/cmr/m/n on input line 94.
LaTeX Font Info:    ... okay on input line 94.
LaTeX Font Info:    Checking defaults for PD1/pdf/m/n on input line 94.
LaTeX Font Info:    ... okay on input line 94.
\AtBeginShipoutBox=\box38
Package hyperref Info: Link coloring ON on input line 94.
 (/usr/share/texlive/texmf-dist/tex/latex/hyperref/nameref.sty
Package: nameref 2016/05/21 v2.44 Cross-referencing by name of section

(/usr/share/texlive/texmf-dist/tex/generic/oberdiek/gettitlestring.sty
Package: gettitlestring 2016/05/16 v1.5 Cleanup title references (HO)
)
\c@section@level=\count144
)
LaTeX Info: Redefining \ref on input line 94.
LaTeX Info: Redefining \pageref on input line 94.
LaTeX Info: Redefining \nameref on input line 94.

(./main.out) (./main.out)
\@outlinefile=\write4
\openout4 = `main.out'.

Package caption Info: Begin \AtBeginDocument code.
Package caption Info: subfig package v1.3 is loaded.
Package caption Info: float package is loaded.
Package caption Info: listings package is loaded.
Package caption Info: longtable package is loaded.

(/usr/share/texlive/texmf-dist/tex/latex/caption/ltcaption.sty
Package: ltcaption 2013/06/09 v1.4-94 longtable captions (AR)
)
Package caption Info: End \AtBeginDocument code.
\c@lstlisting=\count145

(/usr/share/texlive/texmf-dist/tex/context/base/mkii/supp-pdf.mkii
[Loading MPS to PDF converter (version 2006.09.02).]
\scratchcounter=\count146
\scratchdimen=\dimen153
\scratchbox=\box39
\nofMPsegments=\count147
\nofMParguments=\count148
\everyMPshowfont=\toks40
\MPscratchCnt=\count149
\MPscratchDim=\dimen154
\MPnumerator=\count150
\makeMPintoPDFobject=\count151
\everyMPtoPDFconversion=\toks41
) (/usr/share/texlive/texmf-dist/tex/latex/oberdiek/epstopdf-base.sty
Package: epstopdf-base 2016/05/15 v2.6 Base part for package epstopdf

(/usr/share/texlive/texmf-dist/tex/latex/oberdiek/grfext.sty
Package: grfext 2016/05/16 v1.2 Manage graphics extensions (HO)
)
Package epstopdf-base Info: Redefining graphics rule for `.eps' on input line 4
38.
Package grfext Info: Graphics extension search list:
(grfext)             [.pdf,.png,.jpg,.mps,.jpeg,.jbig2,.jb2,.PDF,.PNG,.JPG,.JPE
G,.JBIG2,.JB2,.eps]
(grfext)             \AppendGraphicsExtensions on input line 456.

(/usr/share/texlive/texmf-dist/tex/latex/latexconfig/epstopdf-sys.cfg
File: epstopdf-sys.cfg 2010/07/13 v1.3 Configuration of (r)epstopdf for TeX Liv
e
))
*geometry* driver: auto-detecting
*geometry* detected driver: pdftex
*geometry* verbose mode - [ preamble ] result:
* driver: pdftex
* paper: a4paper
* layout: <same size as paper>
* layoutoffset:(h,v)=(0.0pt,0.0pt)
* modes: 
* h-part:(L,W,R)=(56.9055pt, 483.69687pt, 56.9055pt)
* v-part:(T,H,B)=(56.9055pt, 731.23584pt, 56.9055pt)
* \paperwidth=597.50787pt
* \paperheight=845.04684pt
* \textwidth=483.69687pt
* \textheight=731.23584pt
* \oddsidemargin=-15.36449pt
* \evensidemargin=-15.36449pt
* \topmargin=-52.36449pt
* \headheight=12.0pt
* \headsep=25.0pt
* \topskip=10.0pt
* \footskip=30.0pt
* \marginparwidth=57.0pt
* \marginparsep=11.0pt
* \columnsep=10.0pt
* \skip\footins=9.0pt plus 4.0pt minus 2.0pt
* \hoffset=0.0pt
* \voffset=0.0pt
* \mag=1000
* \@twocolumnfalse
* \@twosidefalse
* \@mparswitchfalse
* \@reversemarginfalse
* (1in=72.27pt=25.4mm, 1cm=28.453pt)

LaTeX Info: Redefining \celsius on input line 94.
Package gensymb Info: Faking symbols for \degree and \celsius on input line 94.


Package gensymb Warning: Not defining \perthousand.

LaTeX Info: Redefining \ohm on input line 94.
Package gensymb Info: Using \Omega for \ohm on input line 94.

Package gensymb Warning: Not defining \micro.

LaTeX Font Info:    Try loading font information for U+msa on input line 100.
(/usr/share/texlive/texmf-dist/tex/latex/amsfonts/umsa.fd
File: umsa.fd 2013/01/14 v3.01 AMS symbols A
)
LaTeX Font Info:    Try loading font information for U+msb on input line 100.

(/usr/share/texlive/texmf-dist/tex/latex/amsfonts/umsb.fd
File: umsb.fd 2013/01/14 v3.01 AMS symbols B
)
<logo_ulg.png, id=188, 351.3125pt x 170.6375pt>
File: logo_ulg.png Graphic file (type png)
<use logo_ulg.png>
Package pdftex.def Info: logo_ulg.png  used on input line 101. on input line 10
1.
Package pdftex.def Info: Requested size: 140.5225pt x 68.25378pt on input line 
101.
<Logo_FSAnew.png, id=189, 80.3pt x 94.3525pt>
File: Logo_FSAnew.png Graphic file (type png)
<use Logo_FSAnew.png>
Package pdftex.def Info: Logo_FSAnew.png  used on input line 101. on input line
 101.
Package pdftex.def Info: Requested size: 48.18036pt x 56.61192pt on input line 
101.

Overfull \hbox (95.90547pt too wide) in paragraph at lines 100--103
[][] 
 []


Overfull \hbox (223.16925pt too wide) in paragraph at lines 125--129
 [][] 
 []

[1

{/var/lib/texmf/fonts/map/pdftex/updmap/pdftex.map} <./logo_ulg.png> <./Logo_FS
Anew.png>] (./main.toc)
\tf@toc=\write5
\openout5 = `main.toc'.

pdfTeX warning (ext4): destination with the same identifier (name{page.1}) has 
been already used, duplicate ignored
<to be read again> 
                   \relax 
l.137 \newpage
               [1] (./content.tex
Underfull \hbox (badness 10000) in paragraph at lines 2--3

 []


Underfull \hbox (badness 10000) in paragraph at lines 7--8

 []


Underfull \hbox (badness 10000) in paragraph at lines 10--11

 []


Underfull \hbox (badness 10000) in paragraph at lines 12--13

 []

[2]
<./images/archi.png, id=266, 545.03625pt x 141.52875pt>
File: ./images/archi.png Graphic file (type png)
<use ./images/archi.png>
Package pdftex.def Info: ./images/archi.png  used on input line 41. on input li
ne 41.
Package pdftex.def Info: Requested size: 272.51746pt x 70.76419pt on input line
 41.

Underfull \hbox (badness 10000) in paragraph at lines 38--44

 []


Underfull \hbox (badness 10000) in paragraph at lines 46--47

 []


Underfull \hbox (badness 10000) in paragraph at lines 48--49

 []


Underfull \hbox (badness 10000) in paragraph at lines 50--51

 []


Underfull \hbox (badness 10000) in paragraph at lines 52--53

 []


Underfull \hbox (badness 10000) in paragraph at lines 55--56

 []

LaTeX Font Info:    Try loading font information for T1+aett on input line 68.
(/usr/share/texlive/texmf-dist/tex/latex/ae/t1aett.fd
File: t1aett.fd 1997/11/16 Font definitions for T1/aett.
) [3 <./images/archi.png>]
Underfull \hbox (badness 10000) in paragraph at lines 73--74

 []


Underfull \hbox (badness 10000) in paragraph at lines 78--79

 []


Underfull \hbox (badness 10000) in paragraph at lines 80--81

 []


Underfull \hbox (badness 10000) in paragraph at lines 82--83

 []


Underfull \hbox (badness 10000) in paragraph at lines 84--85

 []


Underfull \hbox (badness 10000) in paragraph at lines 86--87

 []

[4]
Underfull \hbox (badness 10000) in paragraph at lines 88--89

 []


Underfull \hbox (badness 10000) in paragraph at lines 90--91

 []


Underfull \hbox (badness 10000) in paragraph at lines 92--93

 []


Underfull \hbox (badness 10000) in paragraph at lines 97--98

 []

<./images/reldb.png, id=287, 805.0075pt x 828.09375pt>
File: ./images/reldb.png Graphic file (type png)
<use ./images/reldb.png>
Package pdftex.def Info: ./images/reldb.png  used on input line 101. on input l
ine 101.
Package pdftex.def Info: Requested size: 402.50278pt x 414.04587pt on input lin
e 101.
[5]
Overfull \hbox (10.23402pt too wide) in paragraph at lines 115--116
[]\T1/aer/m/n/10 Product($[]$, #to-ken, #de-scr_id, #freezer_id, #type_id, date
_in, date_out, pe-riod, box_num, prod_num,
 []

<./images/sqldb.jpg, id=294, 521.95pt x 568.1225pt>
File: ./images/sqldb.jpg Graphic file (type jpg)
<use ./images/sqldb.jpg>
Package pdftex.def Info: ./images/sqldb.jpg  used on input line 122. on input l
ine 122.
Package pdftex.def Info: Requested size: 260.97435pt x 284.06055pt on input lin
e 122.
[6 <./images/reldb.png>]
Underfull \hbox (badness 10000) in paragraph at lines 127--128

 []


Underfull \hbox (badness 10000) in paragraph at lines 132--133

 []


Underfull \hbox (badness 10000) in paragraph at lines 134--135

 []


Underfull \hbox (badness 10000) in paragraph at lines 136--137

 []


Underfull \hbox (badness 10000) in paragraph at lines 141--143

 []

[7 <./images/sqldb.jpg>]
<./images/register.png, id=315, 612.2875pt x 520.94624pt>
File: ./images/register.png Graphic file (type png)
<use ./images/register.png>
Package pdftex.def Info: ./images/register.png  used on input line 147. on inpu
t line 147.
Package pdftex.def Info: Requested size: 183.68767pt x 156.28508pt on input lin
e 147.

Underfull \hbox (badness 10000) in paragraph at lines 144--150

 []


Underfull \hbox (badness 10000) in paragraph at lines 152--153

 []


Underfull \hbox (badness 10000) in paragraph at lines 154--155

 []

<./images/login.png, id=318, 587.19376pt x 482.80376pt>
File: ./images/login.png Graphic file (type png)
<use ./images/login.png>
Package pdftex.def Info: ./images/login.png  used on input line 160. on input l
ine 160.
Package pdftex.def Info: Requested size: 176.15948pt x 144.84224pt on input lin
e 160.
[8 <./images/register.png> <./images/login.png>]
<./images/userPanel.png, id=329, 1916.15875pt x 929.4725pt>
File: ./images/userPanel.png Graphic file (type png)
<use ./images/userPanel.png>
Package pdftex.def Info: ./images/userPanel.png  used on input line 169. on inp
ut line 169.
Package pdftex.def Info: Requested size: 479.03851pt x 232.36755pt on input lin
e 169.

Underfull \hbox (badness 10000) in paragraph at lines 174--175

 []

<./images/adminLogin.png, id=331, 697.60625pt x 139.52126pt>
File: ./images/adminLogin.png Graphic file (type png)
<use ./images/adminLogin.png>
Package pdftex.def Info: ./images/adminLogin.png  used on input line 179. on in
put line 179.
Package pdftex.def Info: Requested size: 279.03755pt x 55.8075pt on input line 
179.
<./images/adminPanel.png, id=333, 1913.1475pt x 1078.0275pt>
File: ./images/adminPanel.png Graphic file (type png)
<use ./images/adminPanel.png>
Package pdftex.def Info: ./images/adminPanel.png  used on input line 187. on in
put line 187.
Package pdftex.def Info: Requested size: 478.2857pt x 269.50621pt on input line
 187.
[9 <./images/userPanel.png> <./images/adminLogin.png>]
Underfull \hbox (badness 10000) in paragraph at lines 193--194

 []


Underfull \hbox (badness 10000) in paragraph at lines 195--196

 []


Underfull \hbox (badness 10000) in paragraph at lines 197--198

 []


Underfull \hbox (badness 10000) in paragraph at lines 199--200

 []

[10 <./images/adminPanel.png>]
Underfull \hbox (badness 10000) in paragraph at lines 226--227

 []


Underfull \hbox (badness 10000) in paragraph at lines 228--229

 []


Underfull \hbox (badness 10000) in paragraph at lines 237--238

 []


Underfull \hbox (badness 10000) in paragraph at lines 242--243

 []

[11]
Underfull \hbox (badness 10000) in paragraph at lines 255--256

 []

[12]
Underfull \hbox (badness 10000) in paragraph at lines 304--305

 []


Underfull \hbox (badness 10000) in paragraph at lines 323--324

 []


Underfull \hbox (badness 10000) in paragraph at lines 339--340

 []

[13]
Underfull \hbox (badness 10000) in paragraph at lines 357--358

 []


Underfull \hbox (badness 10000) in paragraph at lines 372--373

 []


Underfull \hbox (badness 10000) in paragraph at lines 397--398

 []

[14] [15]
Underfull \hbox (badness 10000) in paragraph at lines 466--467

 []


Underfull \hbox (badness 10000) in paragraph at lines 506--507

 []

[16]
Overfull \hbox (0.33002pt too wide) detected at line 509
\OML/cmm/m/it/10 < domainUrl > =update[]product= < freezer[]id > = < box[]num >
 = < prod[]num > = < inside > = < token >
 []

[17]
Underfull \hbox (badness 10000) in paragraph at lines 577--578

 []

[18]
Underfull \hbox (badness 10000) in paragraph at lines 619--620

 []

<./images/documentation.png, id=601, 1430.34375pt x 880.28876pt>
File: ./images/documentation.png Graphic file (type png)
<use ./images/documentation.png>
Package pdftex.def Info: ./images/documentation.png  used on input line 626. on
 input line 626.
Package pdftex.def Info: Requested size: 357.58507pt x 220.07164pt on input lin
e 626.

Underfull \hbox (badness 10000) in paragraph at lines 634--635

 []

<./images/unittests.png, id=603, 856.19875pt x 330.23375pt>
File: ./images/unittests.png Graphic file (type png)
<use ./images/unittests.png>
Package pdftex.def Info: ./images/unittests.png  used on input line 639. on inp
ut line 639.
Package pdftex.def Info: Requested size: 342.47343pt x 132.09114pt on input lin
e 639.
[19 <./images/documentation.png>]
<./images/dashboard1.png, id=613, 1590.94376pt x 671.50874pt>
File: ./images/dashboard1.png Graphic file (type png)
<use ./images/dashboard1.png>
Package pdftex.def Info: ./images/dashboard1.png  used on input line 649. on in
put line 649.
Package pdftex.def Info: Requested size: 397.73497pt x 167.87677pt on input lin
e 649.
<./images/dashboard2.png, id=614, 1688.3075pt x 623.32875pt>
File: ./images/dashboard2.png Graphic file (type png)
<use ./images/dashboard2.png>
Package pdftex.def Info: ./images/dashboard2.png  used on input line 658. on in
put line 658.
Package pdftex.def Info: Requested size: 422.07584pt x 155.8318pt on input line
 658.
 [20 <./images/unittests.png> <./images/dashboard1.png> <./images/dashboard2.pn
g>]
<./images/dashboard_types.png, id=625, 940.51375pt x 788.9475pt>
File: ./images/dashboard_types.png Graphic file (type png)
<use ./images/dashboard_types.png>
Package pdftex.def Info: ./images/dashboard_types.png  used on input line 669. 
on input line 669.
Package pdftex.def Info: Requested size: 282.1563pt x 236.68607pt on input line
 669.
<./images/dashboard_freezers.png, id=627, 929.4725pt x 980.66376pt>
File: ./images/dashboard_freezers.png Graphic file (type png)
<use ./images/dashboard_freezers.png>
Package pdftex.def Info: ./images/dashboard_freezers.png  used on input line 67
9. on input line 679.
Package pdftex.def Info: Requested size: 278.8439pt x 294.2014pt on input line 
679.
 [21 <./images/dashboard_types.png>]
<./images/dashboard_products1.png, id=639, 937.5025pt x 1075.01625pt>
File: ./images/dashboard_products1.png Graphic file (type png)
<use ./images/dashboard_products1.png>
Package pdftex.def Info: ./images/dashboard_products1.png  used on input line 6
91. on input line 691.
Package pdftex.def Info: Requested size: 374.99435pt x 429.99889pt on input lin
e 691.

[22 <./images/dashboard_freezers.png>]
<./images/dashboard_products2.png, id=648, 539.01375pt x 838.13126pt>
File: ./images/dashboard_products2.png Graphic file (type png)
<use ./images/dashboard_products2.png>
Package pdftex.def Info: ./images/dashboard_products2.png  used on input line 7
00. on input line 700.
Package pdftex.def Info: Requested size: 269.50621pt x 419.0646pt on input line
 700.
 [23 <./images/dashboard_products1.png>]
<./images/dashboard_trends.png, id=655, 1079.03125pt x 1083.04625pt>
File: ./images/dashboard_trends.png Graphic file (type png)
<use ./images/dashboard_trends.png>
Package pdftex.def Info: ./images/dashboard_trends.png  used on input line 710.
 on input line 710.
Package pdftex.def Info: Requested size: 323.71187pt x 324.91638pt on input lin
e 710.

[24 <./images/dashboard_products2.png>]
Underfull \hbox (badness 10000) in paragraph at lines 716--717

 []


Underfull \hbox (badness 10000) in paragraph at lines 718--719

 []


Underfull \hbox (badness 10000) in paragraph at lines 722--723

 []


Underfull \hbox (badness 10000) in paragraph at lines 727--728

 []

[25 <./images/dashboard_trends.png>]
Underfull \hbox (badness 10000) in paragraph at lines 729--730

 []


Underfull \hbox (badness 10000) in paragraph at lines 731--732

 []


Underfull \hbox (badness 10000) in paragraph at lines 735--736

 []


Underfull \hbox (badness 10000) in paragraph at lines 737--738

 []


Underfull \hbox (badness 10000) in paragraph at lines 739--740

 []


Underfull \hbox (badness 10000) in paragraph at lines 741--742

 []


Underfull \hbox (badness 10000) in paragraph at lines 746--747

 []


Underfull \hbox (badness 10000) in paragraph at lines 748--749

 []


Underfull \hbox (badness 10000) in paragraph at lines 750--751

 []


Underfull \hbox (badness 10000) in paragraph at lines 752--753

 []

)
Package atveryend Info: Empty hook `BeforeClearDocument' on input line 139.
 [26]
Package atveryend Info: Empty hook `AfterLastShipout' on input line 139.
 (./main.aux)
Package atveryend Info: Executing hook `AtVeryEndDocument' on input line 139.
Package atveryend Info: Executing hook `AtEndAfterFileList' on input line 139.
Package rerunfilecheck Info: File `main.out' has not changed.
(rerunfilecheck)             Checksum: 0530804A36E9B5825E1C4EAFE11CFDB6;3032.


LaTeX Warning: There were multiply-defined labels.

Package atveryend Info: Empty hook `AtVeryVeryEnd' on input line 139.
 ) 
Here is how much of TeX's memory you used:
 12127 strings out of 494813
 170410 string characters out of 6178109
 342227 words of memory out of 5000000
 14864 multiletter control sequences out of 15000+600000
 42151 words of font info for 88 fonts, out of 8000000 for 9000
 81 hyphenation exceptions out of 8191
 44i,14n,43p,1276b,1876s stack positions out of 5000i,500n,10000p,200000b,80000s
</usr/share/texlive/texmf-dist/fonts/type1/public/amsfonts/cm/cmbx10.pfb></us
r/share/texlive/texmf-dist/fonts/type1/public/amsfonts/cm/cmbx12.pfb></usr/shar
e/texlive/texmf-dist/fonts/type1/public/amsfonts/cm/cmmi10.pfb></usr/share/texl
ive/texmf-dist/fonts/type1/public/amsfonts/cm/cmr10.pfb></usr/share/texlive/tex
mf-dist/fonts/type1/public/amsfonts/cm/cmr12.pfb></usr/share/texlive/texmf-dist
/fonts/type1/public/amsfonts/cm/cmr6.pfb></usr/share/texlive/texmf-dist/fonts/t
ype1/public/amsfonts/cm/cmr7.pfb></usr/share/texlive/texmf-dist/fonts/type1/pub
lic/amsfonts/cm/cmsl12.pfb></usr/share/texlive/texmf-dist/fonts/type1/public/am
sfonts/cm/cmti10.pfb></usr/share/texlive/texmf-dist/fonts/type1/public/amsfonts
/cm/cmti12.pfb></usr/share/texlive/texmf-dist/fonts/type1/public/amsfonts/cm/cm
tt10.pfb></usr/share/texlive/texmf-dist/fonts/type1/public/amsfonts/cm/cmtt8.pf
b>
Output written on main.pdf (27 pages, 977719 bytes).
PDF statistics:
 782 PDF objects out of 1000 (max. 8388607)
 699 compressed objects within 7 object streams
 327 named destinations out of 1000 (max. 500000)
 464 words of extra memory for PDF output out of 10000 (max. 10000000)

